<?xml version="1.0" encoding="UTF-8"?>
<coverage generated="1727521029719" clover="3.2.0">
  <project timestamp="1727521029719" name="All files">
    <metrics statements="91" coveredstatements="49" conditionals="33" coveredconditionals="18" methods="15" coveredmethods="10" elements="139" coveredelements="77" complexity="0" loc="91" ncloc="91" packages="1" files="1" classes="1"/>
    <file name="extension.ts" path="/Users/doedel/work/moinsen/opensource/vscode/extensions/moinsen-flutter/src/extension.ts">
      <metrics statements="91" coveredstatements="49" conditionals="33" coveredconditionals="18" methods="15" coveredmethods="10"/>
      <line num="1" count="1" type="stmt"/>
      <line num="2" count="1" type="stmt"/>
      <line num="3" count="1" type="stmt"/>
      <line num="8" count="1" type="stmt"/>
      <line num="14" count="1" type="stmt"/>
      <line num="23" count="12" type="stmt"/>
      <line num="36" count="12" type="stmt"/>
      <line num="37" count="12" type="stmt"/>
      <line num="49" count="15" type="stmt"/>
      <line num="56" count="1" type="stmt"/>
      <line num="57" count="0" type="stmt"/>
      <line num="60" count="0" type="stmt"/>
      <line num="61" count="0" type="cond" truecount="0" falsecount="2"/>
      <line num="63" count="0" type="cond" truecount="0" falsecount="1"/>
      <line num="64" count="0" type="stmt"/>
      <line num="65" count="0" type="stmt"/>
      <line num="68" count="0" type="stmt"/>
      <line num="69" count="0" type="cond" truecount="0" falsecount="2"/>
      <line num="72" count="0" type="stmt"/>
      <line num="76" count="0" type="cond" truecount="0" falsecount="1"/>
      <line num="78" count="0" type="stmt"/>
      <line num="81" count="0" type="stmt"/>
      <line num="82" count="0" type="cond" truecount="0" falsecount="2"/>
      <line num="83" count="0" type="stmt"/>
      <line num="84" count="0" type="stmt"/>
      <line num="85" count="0" type="stmt"/>
      <line num="88" count="0" type="cond" truecount="0" falsecount="1"/>
      <line num="89" count="0" type="stmt"/>
      <line num="90" count="0" type="stmt"/>
      <line num="91" count="0" type="stmt"/>
      <line num="96" count="0" type="stmt"/>
      <line num="100" count="0" type="stmt"/>
      <line num="106" count="1" type="stmt"/>
      <line num="113" count="1" type="stmt"/>
      <line num="114" count="15" type="stmt"/>
      <line num="115" count="27" type="stmt"/>
      <line num="116" count="27" type="cond" truecount="2" falsecount="0"/>
      <line num="126" count="1" type="stmt"/>
      <line num="127" count="15" type="cond" truecount="2" falsecount="0"/>
      <line num="128" count="15" type="stmt"/>
      <line num="129" count="15" type="stmt"/>
      <line num="130" count="15" type="stmt"/>
      <line num="133" count="15" type="stmt"/>
      <line num="134" count="12" type="stmt"/>
      <line num="135" count="12" type="cond" truecount="1" falsecount="0"/>
      <line num="136" count="12" type="stmt"/>
      <line num="137" count="12" type="stmt"/>
      <line num="138" count="12" type="stmt"/>
      <line num="140" count="12" type="cond" truecount="1" falsecount="0"/>
      <line num="141" count="12" type="stmt"/>
      <line num="147" count="15" type="cond" truecount="1" falsecount="0"/>
      <line num="150" count="3" type="stmt"/>
      <line num="154" count="12" type="stmt"/>
      <line num="155" count="12" type="stmt"/>
      <line num="156" count="21" type="cond" truecount="3" falsecount="0"/>
      <line num="158" count="12" type="stmt"/>
      <line num="159" count="12" type="stmt"/>
      <line num="160" count="9" type="stmt"/>
      <line num="161" count="9" type="stmt"/>
      <line num="165" count="12" type="cond" truecount="1" falsecount="0"/>
      <line num="166" count="3" type="cond" truecount="1" falsecount="1"/>
      <line num="170" count="12" type="cond" truecount="1" falsecount="0"/>
      <line num="171" count="12" type="stmt"/>
      <line num="173" count="12" type="stmt"/>
      <line num="174" count="12" type="stmt"/>
      <line num="179" count="12" type="stmt"/>
      <line num="181" count="12" type="cond" truecount="1" falsecount="1"/>
      <line num="182" count="0" type="stmt"/>
      <line num="183" count="0" type="stmt"/>
      <line num="185" count="12" type="stmt"/>
      <line num="186" count="12" type="stmt"/>
      <line num="190" count="12" type="stmt"/>
      <line num="199" count="1" type="stmt"/>
      <line num="200" count="0" type="stmt"/>
      <line num="203" count="0" type="stmt"/>
      <line num="204" count="0" type="stmt"/>
      <line num="208" count="0" type="stmt"/>
      <line num="209" count="0" type="cond" truecount="0" falsecount="1"/>
      <line num="210" count="0" type="stmt"/>
      <line num="211" count="0" type="stmt"/>
      <line num="216" count="0" type="stmt"/>
      <line num="217" count="0" type="cond" truecount="0" falsecount="1"/>
      <line num="218" count="0" type="stmt"/>
      <line num="219" count="0" type="cond" truecount="0" falsecount="1"/>
      <line num="220" count="0" type="stmt"/>
      <line num="221" count="0" type="stmt"/>
      <line num="222" count="0" type="stmt"/>
      <line num="224" count="0" type="cond" truecount="0" falsecount="1"/>
      <line num="225" count="0" type="stmt"/>
      <line num="226" count="0" type="stmt"/>
      <line num="227" count="0" type="stmt"/>
    </file>
  </project>
</coverage>
