<?xml version="1.0" encoding="UTF-8"?>
<coverage generated="1727522399367" clover="3.2.0">
  <project timestamp="1727522399367" name="All files">
    <metrics statements="81" coveredstatements="79" conditionals="25" coveredconditionals="24" methods="12" coveredmethods="12" elements="118" coveredelements="115" complexity="0" loc="81" ncloc="81" packages="1" files="3" classes="3"/>
    <file name="createIndexOperations.ts" path="/Users/doedel/work/moinsen/opensource/vscode/extensions/moinsen-flutter/src/createIndexOperations.ts">
      <metrics statements="38" coveredstatements="36" conditionals="14" coveredconditionals="13" methods="4" coveredmethods="4"/>
      <line num="1" count="2" type="stmt"/>
      <line num="2" count="2" type="stmt"/>
      <line num="3" count="2" type="stmt"/>
      <line num="12" count="2" type="stmt"/>
      <line num="13" count="17" type="cond" truecount="2" falsecount="0"/>
      <line num="14" count="17" type="stmt"/>
      <line num="15" count="17" type="stmt"/>
      <line num="16" count="17" type="stmt"/>
      <line num="19" count="17" type="stmt"/>
      <line num="20" count="13" type="stmt"/>
      <line num="21" count="13" type="cond" truecount="1" falsecount="0"/>
      <line num="22" count="13" type="stmt"/>
      <line num="23" count="13" type="stmt"/>
      <line num="24" count="13" type="stmt"/>
      <line num="26" count="13" type="cond" truecount="1" falsecount="0"/>
      <line num="27" count="13" type="stmt"/>
      <line num="33" count="17" type="cond" truecount="1" falsecount="0"/>
      <line num="36" count="3" type="stmt"/>
      <line num="40" count="14" type="stmt"/>
      <line num="41" count="14" type="stmt"/>
      <line num="42" count="24" type="cond" truecount="3" falsecount="0"/>
      <line num="44" count="14" type="stmt"/>
      <line num="45" count="14" type="stmt"/>
      <line num="46" count="11" type="stmt"/>
      <line num="47" count="11" type="stmt"/>
      <line num="51" count="14" type="cond" truecount="1" falsecount="0"/>
      <line num="52" count="4" type="cond" truecount="2" falsecount="0"/>
      <line num="56" count="14" type="cond" truecount="1" falsecount="0"/>
      <line num="57" count="14" type="stmt"/>
      <line num="59" count="14" type="stmt"/>
      <line num="60" count="14" type="stmt"/>
      <line num="65" count="14" type="stmt"/>
      <line num="67" count="14" type="cond" truecount="1" falsecount="1"/>
      <line num="68" count="0" type="stmt"/>
      <line num="69" count="0" type="stmt"/>
      <line num="71" count="14" type="stmt"/>
      <line num="72" count="14" type="stmt"/>
      <line num="76" count="14" type="stmt"/>
    </file>
    <file name="removeIndexOperations.ts" path="/Users/doedel/work/moinsen/opensource/vscode/extensions/moinsen-flutter/src/removeIndexOperations.ts">
      <metrics statements="28" coveredstatements="28" conditionals="5" coveredconditionals="5" methods="2" coveredmethods="2"/>
      <line num="1" count="1" type="stmt"/>
      <line num="2" count="1" type="stmt"/>
      <line num="3" count="1" type="stmt"/>
      <line num="11" count="1" type="stmt"/>
      <line num="12" count="2" type="stmt"/>
      <line num="13" count="2" type="stmt"/>
      <line num="16" count="2" type="stmt"/>
      <line num="17" count="1" type="stmt"/>
      <line num="18" count="1" type="cond" truecount="1" falsecount="0"/>
      <line num="19" count="1" type="stmt"/>
      <line num="24" count="2" type="stmt"/>
      <line num="25" count="2" type="cond" truecount="1" falsecount="0"/>
      <line num="26" count="2" type="stmt"/>
      <line num="27" count="2" type="stmt"/>
      <line num="28" count="2" type="stmt"/>
      <line num="33" count="2" type="stmt"/>
      <line num="34" count="2" type="cond" truecount="1" falsecount="0"/>
      <line num="35" count="2" type="stmt"/>
      <line num="36" count="2" type="cond" truecount="1" falsecount="0"/>
      <line num="37" count="1" type="stmt"/>
      <line num="38" count="1" type="stmt"/>
      <line num="39" count="1" type="stmt"/>
      <line num="41" count="1" type="cond" truecount="1" falsecount="0"/>
      <line num="42" count="1" type="stmt"/>
      <line num="43" count="1" type="stmt"/>
      <line num="44" count="1" type="stmt"/>
      <line num="45" count="1" type="stmt"/>
      <line num="50" count="2" type="stmt"/>
    </file>
    <file name="utils.ts" path="/Users/doedel/work/moinsen/opensource/vscode/extensions/moinsen-flutter/src/utils.ts">
      <metrics statements="15" coveredstatements="15" conditionals="6" coveredconditionals="6" methods="6" coveredmethods="6"/>
      <line num="1" count="2" type="stmt"/>
      <line num="2" count="2" type="stmt"/>
      <line num="7" count="2" type="stmt"/>
      <line num="13" count="2" type="stmt"/>
      <line num="21" count="2" type="stmt"/>
      <line num="22" count="14" type="stmt"/>
      <line num="34" count="2" type="stmt"/>
      <line num="35" count="14" type="stmt"/>
      <line num="36" count="14" type="stmt"/>
      <line num="47" count="2" type="stmt"/>
      <line num="48" count="17" type="stmt"/>
      <line num="56" count="2" type="stmt"/>
      <line num="57" count="19" type="stmt"/>
      <line num="58" count="33" type="stmt"/>
      <line num="59" count="33" type="cond" truecount="2" falsecount="0"/>
    </file>
  </project>
</coverage>
