{"/Users/doedel/work/moinsen/opensource/vscode/extensions/moinsen-flutter/src/createIndexOperations.ts": {"path":"/Users/doedel/work/moinsen/opensource/vscode/extensions/moinsen-flutter/src/createIndexOperations.ts","statementMap":{"0":{"start":{"line":12,"column":0},"end":{"line":12,"column":7}},"1":{"start":{"line":1,"column":0},"end":{"line":1,"column":25}},"2":{"start":{"line":2,"column":0},"end":{"line":2,"column":29}},"3":{"start":{"line":3,"column":0},"end":{"line":3,"column":75}},"4":{"start":{"line":13,"column":25},"end":{"line":13,"column":64}},"5":{"start":{"line":14,"column":20},"end":{"line":14,"column":45}},"6":{"start":{"line":15,"column":38},"end":{"line":15,"column":40}},"7":{"start":{"line":16,"column":32},"end":{"line":16,"column":37}},"8":{"start":{"line":19,"column":4},"end":{"line":30,"column":5}},"9":{"start":{"line":20,"column":33},"end":{"line":20,"column":79}},"10":{"start":{"line":21,"column":8},"end":{"line":29,"column":9}},"11":{"start":{"line":22,"column":12},"end":{"line":22,"column":41}},"12":{"start":{"line":23,"column":31},"end":{"line":23,"column":52}},"13":{"start":{"line":24,"column":33},"end":{"line":24,"column":65}},"14":{"start":{"line":26,"column":12},"end":{"line":28,"column":13}},"15":{"start":{"line":27,"column":16},"end":{"line":27,"column":76}},"16":{"start":{"line":33,"column":4},"end":{"line":37,"column":5}},"17":{"start":{"line":36,"column":8},"end":{"line":36,"column":42}},"18":{"start":{"line":40,"column":30},"end":{"line":40,"column":48}},"19":{"start":{"line":41,"column":22},"end":{"line":42,"column":102}},"20":{"start":{"line":42,"column":24},"end":{"line":42,"column":101}},"21":{"start":{"line":44,"column":20},"end":{"line":44,"column":49}},"22":{"start":{"line":45,"column":22},"end":{"line":48,"column":19}},"23":{"start":{"line":46,"column":24},"end":{"line":46,"column":74}},"24":{"start":{"line":47,"column":21},"end":{"line":47,"column":40}},"25":{"start":{"line":51,"column":4},"end":{"line":53,"column":5}},"26":{"start":{"line":52,"column":8},"end":{"line":52,"column":78}},"27":{"start":{"line":56,"column":4},"end":{"line":74,"column":5}},"28":{"start":{"line":57,"column":8},"end":{"line":57,"column":37}},"29":{"start":{"line":59,"column":26},"end":{"line":59,"column":53}},"30":{"start":{"line":60,"column":29},"end":{"line":62,"column":6}},"31":{"start":{"line":65,"column":24},"end":{"line":65,"column":57}},"32":{"start":{"line":67,"column":8},"end":{"line":73,"column":9}},"33":{"start":{"line":68,"column":12},"end":{"line":68,"column":71}},"34":{"start":{"line":69,"column":12},"end":{"line":69,"column":38}},"35":{"start":{"line":71,"column":12},"end":{"line":71,"column":71}},"36":{"start":{"line":72,"column":12},"end":{"line":72,"column":40}},"37":{"start":{"line":76,"column":4},"end":{"line":76,"column":33}}},"fnMap":{"0":{"name":"generateIndexFiles","decl":{"start":{"line":12,"column":22},"end":{"line":12,"column":40}},"loc":{"start":{"line":12,"column":103},"end":{"line":77,"column":1}}},"1":{"name":"(anonymous_7)","decl":{"start":{"line":42,"column":16},"end":{"line":42,"column":20}},"loc":{"start":{"line":42,"column":24},"end":{"line":42,"column":101}}},"2":{"name":"(anonymous_8)","decl":{"start":{"line":46,"column":16},"end":{"line":46,"column":20}},"loc":{"start":{"line":46,"column":24},"end":{"line":46,"column":74}}},"3":{"name":"(anonymous_9)","decl":{"start":{"line":47,"column":13},"end":{"line":47,"column":17}},"loc":{"start":{"line":47,"column":21},"end":{"line":47,"column":40}}}},"branchMap":{"0":{"loc":{"start":{"line":13,"column":25},"end":{"line":13,"column":64}},"type":"binary-expr","locations":[{"start":{"line":13,"column":25},"end":{"line":13,"column":32}},{"start":{"line":13,"column":36},"end":{"line":13,"column":64}}]},"1":{"loc":{"start":{"line":21,"column":8},"end":{"line":29,"column":9}},"type":"if","locations":[{"start":{"line":21,"column":8},"end":{"line":29,"column":9}}]},"2":{"loc":{"start":{"line":26,"column":12},"end":{"line":28,"column":13}},"type":"if","locations":[{"start":{"line":26,"column":12},"end":{"line":28,"column":13}}]},"3":{"loc":{"start":{"line":33,"column":4},"end":{"line":37,"column":5}},"type":"if","locations":[{"start":{"line":33,"column":4},"end":{"line":37,"column":5}}]},"4":{"loc":{"start":{"line":42,"column":24},"end":{"line":42,"column":101}},"type":"binary-expr","locations":[{"start":{"line":42,"column":24},"end":{"line":42,"column":54}},{"start":{"line":42,"column":58},"end":{"line":42,"column":75}},{"start":{"line":42,"column":79},"end":{"line":42,"column":101}}]},"5":{"loc":{"start":{"line":51,"column":4},"end":{"line":53,"column":5}},"type":"if","locations":[{"start":{"line":51,"column":4},"end":{"line":53,"column":5}}]},"6":{"loc":{"start":{"line":52,"column":24},"end":{"line":52,"column":47}},"type":"cond-expr","locations":[{"start":{"line":52,"column":38},"end":{"line":52,"column":42}},{"start":{"line":52,"column":45},"end":{"line":52,"column":47}}]},"7":{"loc":{"start":{"line":56,"column":4},"end":{"line":74,"column":5}},"type":"if","locations":[{"start":{"line":56,"column":4},"end":{"line":74,"column":5}}]},"8":{"loc":{"start":{"line":67,"column":8},"end":{"line":73,"column":9}},"type":"if","locations":[{"start":{"line":67,"column":8},"end":{"line":73,"column":9}},{"start":{"line":70,"column":15},"end":{"line":73,"column":9}}]}},"s":{"0":2,"1":2,"2":2,"3":2,"4":17,"5":17,"6":17,"7":17,"8":17,"9":13,"10":13,"11":13,"12":13,"13":13,"14":13,"15":13,"16":17,"17":3,"18":14,"19":14,"20":24,"21":14,"22":14,"23":11,"24":11,"25":14,"26":4,"27":14,"28":14,"29":14,"30":14,"31":14,"32":14,"33":0,"34":0,"35":14,"36":14,"37":14},"f":{"0":17,"1":24,"2":11,"3":11},"b":{"0":[17,3],"1":[13],"2":[13],"3":[3],"4":[24,14,11],"5":[4],"6":[1,3],"7":[14],"8":[0,14]}}
,"/Users/doedel/work/moinsen/opensource/vscode/extensions/moinsen-flutter/src/removeIndexOperations.ts": {"path":"/Users/doedel/work/moinsen/opensource/vscode/extensions/moinsen-flutter/src/removeIndexOperations.ts","statementMap":{"0":{"start":{"line":11,"column":0},"end":{"line":11,"column":7}},"1":{"start":{"line":1,"column":0},"end":{"line":1,"column":25}},"2":{"start":{"line":2,"column":0},"end":{"line":2,"column":29}},"3":{"start":{"line":3,"column":0},"end":{"line":3,"column":47}},"4":{"start":{"line":12,"column":20},"end":{"line":12,"column":45}},"5":{"start":{"line":13,"column":31},"end":{"line":13,"column":36}},"6":{"start":{"line":16,"column":4},"end":{"line":21,"column":5}},"7":{"start":{"line":17,"column":34},"end":{"line":17,"column":73}},"8":{"start":{"line":18,"column":8},"end":{"line":20,"column":9}},"9":{"start":{"line":19,"column":12},"end":{"line":19,"column":40}},"10":{"start":{"line":24,"column":22},"end":{"line":24,"column":51}},"11":{"start":{"line":25,"column":4},"end":{"line":29,"column":5}},"12":{"start":{"line":26,"column":8},"end":{"line":26,"column":33}},"13":{"start":{"line":27,"column":8},"end":{"line":27,"column":29}},"14":{"start":{"line":28,"column":8},"end":{"line":28,"column":36}},"15":{"start":{"line":33,"column":22},"end":{"line":33,"column":39}},"16":{"start":{"line":34,"column":4},"end":{"line":48,"column":5}},"17":{"start":{"line":35,"column":32},"end":{"line":35,"column":67}},"18":{"start":{"line":36,"column":8},"end":{"line":47,"column":9}},"19":{"start":{"line":37,"column":32},"end":{"line":37,"column":72}},"20":{"start":{"line":38,"column":31},"end":{"line":38,"column":49}},"21":{"start":{"line":39,"column":36},"end":{"line":39,"column":73}},"22":{"start":{"line":41,"column":12},"end":{"line":46,"column":13}},"23":{"start":{"line":42,"column":16},"end":{"line":42,"column":117}},"24":{"start":{"line":42,"column":73},"end":{"line":42,"column":104}},"25":{"start":{"line":43,"column":16},"end":{"line":43,"column":87}},"26":{"start":{"line":44,"column":16},"end":{"line":44,"column":37}},"27":{"start":{"line":45,"column":16},"end":{"line":45,"column":44}},"28":{"start":{"line":50,"column":4},"end":{"line":50,"column":32}}},"fnMap":{"0":{"name":"removeIndexFiles","decl":{"start":{"line":11,"column":22},"end":{"line":11,"column":38}},"loc":{"start":{"line":11,"column":98},"end":{"line":51,"column":1}}},"1":{"name":"(anonymous_7)","decl":{"start":{"line":42,"column":65},"end":{"line":42,"column":69}},"loc":{"start":{"line":42,"column":73},"end":{"line":42,"column":104}}}},"branchMap":{"0":{"loc":{"start":{"line":18,"column":8},"end":{"line":20,"column":9}},"type":"if","locations":[{"start":{"line":18,"column":8},"end":{"line":20,"column":9}}]},"1":{"loc":{"start":{"line":25,"column":4},"end":{"line":29,"column":5}},"type":"if","locations":[{"start":{"line":25,"column":4},"end":{"line":29,"column":5}}]},"2":{"loc":{"start":{"line":34,"column":4},"end":{"line":48,"column":5}},"type":"if","locations":[{"start":{"line":34,"column":4},"end":{"line":48,"column":5}}]},"3":{"loc":{"start":{"line":36,"column":8},"end":{"line":47,"column":9}},"type":"if","locations":[{"start":{"line":36,"column":8},"end":{"line":47,"column":9}}]},"4":{"loc":{"start":{"line":41,"column":12},"end":{"line":46,"column":13}},"type":"if","locations":[{"start":{"line":41,"column":12},"end":{"line":46,"column":13}}]}},"s":{"0":1,"1":1,"2":1,"3":1,"4":2,"5":2,"6":2,"7":1,"8":1,"9":1,"10":2,"11":2,"12":2,"13":2,"14":2,"15":2,"16":2,"17":2,"18":2,"19":1,"20":1,"21":1,"22":1,"23":1,"24":1,"25":1,"26":1,"27":1,"28":2},"f":{"0":2,"1":1},"b":{"0":[1],"1":[2],"2":[2],"3":[1],"4":[1]}}
,"/Users/doedel/work/moinsen/opensource/vscode/extensions/moinsen-flutter/src/utils.ts": {"path":"/Users/doedel/work/moinsen/opensource/vscode/extensions/moinsen-flutter/src/utils.ts","statementMap":{"0":{"start":{"line":21,"column":0},"end":{"line":21,"column":16}},"1":{"start":{"line":34,"column":0},"end":{"line":34,"column":16}},"2":{"start":{"line":47,"column":0},"end":{"line":47,"column":16}},"3":{"start":{"line":56,"column":0},"end":{"line":56,"column":16}},"4":{"start":{"line":1,"column":0},"end":{"line":1,"column":25}},"5":{"start":{"line":2,"column":0},"end":{"line":2,"column":29}},"6":{"start":{"line":7,"column":13},"end":{"line":7,"column":121}},"7":{"start":{"line":13,"column":13},"end":{"line":13,"column":56}},"8":{"start":{"line":22,"column":4},"end":{"line":25,"column":6}},"9":{"start":{"line":35,"column":21},"end":{"line":35,"column":49}},"10":{"start":{"line":36,"column":4},"end":{"line":39,"column":6}},"11":{"start":{"line":48,"column":4},"end":{"line":48,"column":57}},"12":{"start":{"line":57,"column":4},"end":{"line":59,"column":110}},"13":{"start":{"line":58,"column":21},"end":{"line":58,"column":41}},"14":{"start":{"line":59,"column":28},"end":{"line":59,"column":108}}},"fnMap":{"0":{"name":"isIgnoredFolder","decl":{"start":{"line":21,"column":16},"end":{"line":21,"column":31}},"loc":{"start":{"line":21,"column":50},"end":{"line":26,"column":1}}},"1":{"name":"shouldSkip","decl":{"start":{"line":34,"column":16},"end":{"line":34,"column":26}},"loc":{"start":{"line":34,"column":39},"end":{"line":40,"column":1}}},"2":{"name":"hasPubspecYaml","decl":{"start":{"line":47,"column":16},"end":{"line":47,"column":30}},"loc":{"start":{"line":47,"column":42},"end":{"line":49,"column":1}}},"3":{"name":"getAllowedSubfolders","decl":{"start":{"line":56,"column":16},"end":{"line":56,"column":36}},"loc":{"start":{"line":56,"column":48},"end":{"line":60,"column":1}}},"4":{"name":"(anonymous_10)","decl":{"start":{"line":58,"column":13},"end":{"line":58,"column":17}},"loc":{"start":{"line":58,"column":21},"end":{"line":58,"column":41}}},"5":{"name":"(anonymous_11)","decl":{"start":{"line":59,"column":16},"end":{"line":59,"column":24}},"loc":{"start":{"line":59,"column":28},"end":{"line":59,"column":108}}}},"branchMap":{"0":{"loc":{"start":{"line":23,"column":8},"end":{"line":24,"column":34}},"type":"binary-expr","locations":[{"start":{"line":23,"column":8},"end":{"line":23,"column":55}},{"start":{"line":24,"column":8},"end":{"line":24,"column":34}}]},"1":{"loc":{"start":{"line":37,"column":8},"end":{"line":38,"column":30}},"type":"binary-expr","locations":[{"start":{"line":37,"column":8},"end":{"line":37,"column":49}},{"start":{"line":38,"column":8},"end":{"line":38,"column":30}}]},"2":{"loc":{"start":{"line":59,"column":28},"end":{"line":59,"column":108}},"type":"binary-expr","locations":[{"start":{"line":59,"column":28},"end":{"line":59,"column":63}},{"start":{"line":59,"column":67},"end":{"line":59,"column":108}}]}},"s":{"0":2,"1":2,"2":2,"3":2,"4":2,"5":2,"6":2,"7":2,"8":14,"9":14,"10":14,"11":17,"12":19,"13":33,"14":33},"f":{"0":14,"1":14,"2":17,"3":19,"4":33,"5":33},"b":{"0":[14,14],"1":[14,11],"2":[33,14]}}
}
