{"/Users/doedel/work/moinsen/opensource/vscode/extensions/moinsen-flutter/src/extension.ts": {"path":"/Users/doedel/work/moinsen/opensource/vscode/extensions/moinsen-flutter/src/extension.ts","statementMap":{"0":{"start":{"line":56,"column":0},"end":{"line":56,"column":16}},"1":{"start":{"line":106,"column":0},"end":{"line":106,"column":16}},"2":{"start":{"line":113,"column":0},"end":{"line":113,"column":16}},"3":{"start":{"line":126,"column":0},"end":{"line":126,"column":7}},"4":{"start":{"line":199,"column":0},"end":{"line":199,"column":7}},"5":{"start":{"line":1,"column":0},"end":{"line":1,"column":25}},"6":{"start":{"line":2,"column":0},"end":{"line":2,"column":29}},"7":{"start":{"line":3,"column":0},"end":{"line":3,"column":33}},"8":{"start":{"line":8,"column":35},"end":{"line":8,"column":113}},"9":{"start":{"line":14,"column":35},"end":{"line":14,"column":48}},"10":{"start":{"line":23,"column":4},"end":{"line":26,"column":6}},"11":{"start":{"line":36,"column":21},"end":{"line":36,"column":49}},"12":{"start":{"line":37,"column":4},"end":{"line":40,"column":6}},"13":{"start":{"line":49,"column":4},"end":{"line":49,"column":57}},"14":{"start":{"line":57,"column":4},"end":{"line":57,"column":60}},"15":{"start":{"line":60,"column":27},"end":{"line":98,"column":6}},"16":{"start":{"line":61,"column":27},"end":{"line":61,"column":81}},"17":{"start":{"line":63,"column":8},"end":{"line":66,"column":9}},"18":{"start":{"line":64,"column":12},"end":{"line":64,"column":74}},"19":{"start":{"line":65,"column":12},"end":{"line":65,"column":19}},"20":{"start":{"line":68,"column":22},"end":{"line":68,"column":45}},"21":{"start":{"line":69,"column":26},"end":{"line":69,"column":85}},"22":{"start":{"line":72,"column":23},"end":{"line":74,"column":10}},"23":{"start":{"line":76,"column":8},"end":{"line":79,"column":9}},"24":{"start":{"line":78,"column":12},"end":{"line":78,"column":19}},"25":{"start":{"line":81,"column":8},"end":{"line":97,"column":9}},"26":{"start":{"line":82,"column":12},"end":{"line":94,"column":13}},"27":{"start":{"line":83,"column":32},"end":{"line":83,"column":60}},"28":{"start":{"line":84,"column":16},"end":{"line":84,"column":61}},"29":{"start":{"line":85,"column":16},"end":{"line":87,"column":18}},"30":{"start":{"line":88,"column":19},"end":{"line":94,"column":13}},"31":{"start":{"line":89,"column":32},"end":{"line":89,"column":58}},"32":{"start":{"line":90,"column":16},"end":{"line":90,"column":59}},"33":{"start":{"line":91,"column":16},"end":{"line":93,"column":18}},"34":{"start":{"line":96,"column":12},"end":{"line":96,"column":62}},"35":{"start":{"line":100,"column":4},"end":{"line":100,"column":49}},"36":{"start":{"line":114,"column":4},"end":{"line":116,"column":110}},"37":{"start":{"line":115,"column":21},"end":{"line":115,"column":41}},"38":{"start":{"line":116,"column":28},"end":{"line":116,"column":108}},"39":{"start":{"line":127,"column":25},"end":{"line":127,"column":64}},"40":{"start":{"line":128,"column":20},"end":{"line":128,"column":45}},"41":{"start":{"line":129,"column":38},"end":{"line":129,"column":40}},"42":{"start":{"line":130,"column":32},"end":{"line":130,"column":37}},"43":{"start":{"line":133,"column":4},"end":{"line":144,"column":5}},"44":{"start":{"line":134,"column":33},"end":{"line":134,"column":79}},"45":{"start":{"line":135,"column":8},"end":{"line":143,"column":9}},"46":{"start":{"line":136,"column":12},"end":{"line":136,"column":41}},"47":{"start":{"line":137,"column":31},"end":{"line":137,"column":52}},"48":{"start":{"line":138,"column":33},"end":{"line":138,"column":65}},"49":{"start":{"line":140,"column":12},"end":{"line":142,"column":13}},"50":{"start":{"line":141,"column":16},"end":{"line":141,"column":76}},"51":{"start":{"line":147,"column":4},"end":{"line":151,"column":5}},"52":{"start":{"line":150,"column":8},"end":{"line":150,"column":42}},"53":{"start":{"line":154,"column":30},"end":{"line":154,"column":48}},"54":{"start":{"line":155,"column":22},"end":{"line":156,"column":102}},"55":{"start":{"line":156,"column":24},"end":{"line":156,"column":101}},"56":{"start":{"line":158,"column":20},"end":{"line":158,"column":49}},"57":{"start":{"line":159,"column":22},"end":{"line":162,"column":19}},"58":{"start":{"line":160,"column":24},"end":{"line":160,"column":74}},"59":{"start":{"line":161,"column":21},"end":{"line":161,"column":40}},"60":{"start":{"line":165,"column":4},"end":{"line":167,"column":5}},"61":{"start":{"line":166,"column":8},"end":{"line":166,"column":78}},"62":{"start":{"line":170,"column":4},"end":{"line":188,"column":5}},"63":{"start":{"line":171,"column":8},"end":{"line":171,"column":37}},"64":{"start":{"line":173,"column":26},"end":{"line":173,"column":53}},"65":{"start":{"line":174,"column":29},"end":{"line":176,"column":6}},"66":{"start":{"line":179,"column":24},"end":{"line":179,"column":57}},"67":{"start":{"line":181,"column":8},"end":{"line":187,"column":9}},"68":{"start":{"line":182,"column":12},"end":{"line":182,"column":71}},"69":{"start":{"line":183,"column":12},"end":{"line":183,"column":38}},"70":{"start":{"line":185,"column":12},"end":{"line":185,"column":71}},"71":{"start":{"line":186,"column":12},"end":{"line":186,"column":40}},"72":{"start":{"line":190,"column":4},"end":{"line":190,"column":33}},"73":{"start":{"line":200,"column":20},"end":{"line":200,"column":45}},"74":{"start":{"line":203,"column":4},"end":{"line":205,"column":5}},"75":{"start":{"line":204,"column":8},"end":{"line":204,"column":48}},"76":{"start":{"line":208,"column":22},"end":{"line":208,"column":51}},"77":{"start":{"line":209,"column":4},"end":{"line":212,"column":5}},"78":{"start":{"line":210,"column":8},"end":{"line":210,"column":33}},"79":{"start":{"line":211,"column":8},"end":{"line":211,"column":29}},"80":{"start":{"line":216,"column":22},"end":{"line":216,"column":39}},"81":{"start":{"line":217,"column":4},"end":{"line":230,"column":5}},"82":{"start":{"line":218,"column":32},"end":{"line":218,"column":67}},"83":{"start":{"line":219,"column":8},"end":{"line":229,"column":9}},"84":{"start":{"line":220,"column":32},"end":{"line":220,"column":72}},"85":{"start":{"line":221,"column":31},"end":{"line":221,"column":49}},"86":{"start":{"line":222,"column":36},"end":{"line":222,"column":73}},"87":{"start":{"line":224,"column":12},"end":{"line":228,"column":13}},"88":{"start":{"line":225,"column":16},"end":{"line":225,"column":117}},"89":{"start":{"line":225,"column":73},"end":{"line":225,"column":104}},"90":{"start":{"line":226,"column":16},"end":{"line":226,"column":87}},"91":{"start":{"line":227,"column":16},"end":{"line":227,"column":37}}},"fnMap":{"0":{"name":"isIgnoredFolder","decl":{"start":{"line":22,"column":9},"end":{"line":22,"column":24}},"loc":{"start":{"line":22,"column":43},"end":{"line":27,"column":1}}},"1":{"name":"shouldSkip","decl":{"start":{"line":35,"column":9},"end":{"line":35,"column":19}},"loc":{"start":{"line":35,"column":32},"end":{"line":41,"column":1}}},"2":{"name":"hasPubspecYaml","decl":{"start":{"line":48,"column":9},"end":{"line":48,"column":23}},"loc":{"start":{"line":48,"column":35},"end":{"line":50,"column":1}}},"3":{"name":"activate","decl":{"start":{"line":56,"column":16},"end":{"line":56,"column":24}},"loc":{"start":{"line":56,"column":57},"end":{"line":101,"column":1}}},"4":{"name":"(anonymous_10)","decl":{"start":{"line":60,"column":89},"end":{"line":60,"column":94}},"loc":{"start":{"line":60,"column":120},"end":{"line":98,"column":5}}},"5":{"name":"deactivate","decl":{"start":{"line":106,"column":16},"end":{"line":106,"column":26}},"loc":{"start":{"line":106,"column":26},"end":{"line":106,"column":31}}},"6":{"name":"getAllowedSubfolders","decl":{"start":{"line":113,"column":16},"end":{"line":113,"column":36}},"loc":{"start":{"line":113,"column":48},"end":{"line":117,"column":1}}},"7":{"name":"(anonymous_13)","decl":{"start":{"line":115,"column":13},"end":{"line":115,"column":17}},"loc":{"start":{"line":115,"column":21},"end":{"line":115,"column":41}}},"8":{"name":"(anonymous_14)","decl":{"start":{"line":116,"column":16},"end":{"line":116,"column":24}},"loc":{"start":{"line":116,"column":28},"end":{"line":116,"column":108}}},"9":{"name":"generateIndexFiles","decl":{"start":{"line":126,"column":22},"end":{"line":126,"column":40}},"loc":{"start":{"line":126,"column":103},"end":{"line":191,"column":1}}},"10":{"name":"(anonymous_16)","decl":{"start":{"line":156,"column":16},"end":{"line":156,"column":20}},"loc":{"start":{"line":156,"column":24},"end":{"line":156,"column":101}}},"11":{"name":"(anonymous_17)","decl":{"start":{"line":160,"column":16},"end":{"line":160,"column":20}},"loc":{"start":{"line":160,"column":24},"end":{"line":160,"column":74}}},"12":{"name":"(anonymous_18)","decl":{"start":{"line":161,"column":13},"end":{"line":161,"column":17}},"loc":{"start":{"line":161,"column":21},"end":{"line":161,"column":40}}},"13":{"name":"removeIndexFiles","decl":{"start":{"line":199,"column":22},"end":{"line":199,"column":38}},"loc":{"start":{"line":199,"column":98},"end":{"line":231,"column":1}}},"14":{"name":"(anonymous_20)","decl":{"start":{"line":225,"column":65},"end":{"line":225,"column":69}},"loc":{"start":{"line":225,"column":73},"end":{"line":225,"column":104}}}},"branchMap":{"0":{"loc":{"start":{"line":24,"column":8},"end":{"line":25,"column":34}},"type":"binary-expr","locations":[{"start":{"line":24,"column":8},"end":{"line":24,"column":55}},{"start":{"line":25,"column":8},"end":{"line":25,"column":34}}]},"1":{"loc":{"start":{"line":38,"column":8},"end":{"line":39,"column":30}},"type":"binary-expr","locations":[{"start":{"line":38,"column":8},"end":{"line":38,"column":49}},{"start":{"line":39,"column":8},"end":{"line":39,"column":30}}]},"2":{"loc":{"start":{"line":61,"column":27},"end":{"line":61,"column":81}},"type":"cond-expr","locations":[{"start":{"line":61,"column":38},"end":{"line":61,"column":53}},{"start":{"line":61,"column":56},"end":{"line":61,"column":81}}]},"3":{"loc":{"start":{"line":63,"column":8},"end":{"line":66,"column":9}},"type":"if","locations":[{"start":{"line":63,"column":8},"end":{"line":66,"column":9}}]},"4":{"loc":{"start":{"line":69,"column":26},"end":{"line":69,"column":85}},"type":"cond-expr","locations":[{"start":{"line":69,"column":48},"end":{"line":69,"column":58}},{"start":{"line":69,"column":61},"end":{"line":69,"column":85}}]},"5":{"loc":{"start":{"line":76,"column":8},"end":{"line":79,"column":9}},"type":"if","locations":[{"start":{"line":76,"column":8},"end":{"line":79,"column":9}}]},"6":{"loc":{"start":{"line":82,"column":12},"end":{"line":94,"column":13}},"type":"if","locations":[{"start":{"line":82,"column":12},"end":{"line":94,"column":13}},{"start":{"line":88,"column":19},"end":{"line":94,"column":13}}]},"7":{"loc":{"start":{"line":88,"column":19},"end":{"line":94,"column":13}},"type":"if","locations":[{"start":{"line":88,"column":19},"end":{"line":94,"column":13}}]},"8":{"loc":{"start":{"line":116,"column":28},"end":{"line":116,"column":108}},"type":"binary-expr","locations":[{"start":{"line":116,"column":28},"end":{"line":116,"column":63}},{"start":{"line":116,"column":67},"end":{"line":116,"column":108}}]},"9":{"loc":{"start":{"line":127,"column":25},"end":{"line":127,"column":64}},"type":"binary-expr","locations":[{"start":{"line":127,"column":25},"end":{"line":127,"column":32}},{"start":{"line":127,"column":36},"end":{"line":127,"column":64}}]},"10":{"loc":{"start":{"line":135,"column":8},"end":{"line":143,"column":9}},"type":"if","locations":[{"start":{"line":135,"column":8},"end":{"line":143,"column":9}}]},"11":{"loc":{"start":{"line":140,"column":12},"end":{"line":142,"column":13}},"type":"if","locations":[{"start":{"line":140,"column":12},"end":{"line":142,"column":13}}]},"12":{"loc":{"start":{"line":147,"column":4},"end":{"line":151,"column":5}},"type":"if","locations":[{"start":{"line":147,"column":4},"end":{"line":151,"column":5}}]},"13":{"loc":{"start":{"line":156,"column":24},"end":{"line":156,"column":101}},"type":"binary-expr","locations":[{"start":{"line":156,"column":24},"end":{"line":156,"column":54}},{"start":{"line":156,"column":58},"end":{"line":156,"column":75}},{"start":{"line":156,"column":79},"end":{"line":156,"column":101}}]},"14":{"loc":{"start":{"line":165,"column":4},"end":{"line":167,"column":5}},"type":"if","locations":[{"start":{"line":165,"column":4},"end":{"line":167,"column":5}}]},"15":{"loc":{"start":{"line":166,"column":24},"end":{"line":166,"column":47}},"type":"cond-expr","locations":[{"start":{"line":166,"column":38},"end":{"line":166,"column":42}},{"start":{"line":166,"column":45},"end":{"line":166,"column":47}}]},"16":{"loc":{"start":{"line":170,"column":4},"end":{"line":188,"column":5}},"type":"if","locations":[{"start":{"line":170,"column":4},"end":{"line":188,"column":5}}]},"17":{"loc":{"start":{"line":181,"column":8},"end":{"line":187,"column":9}},"type":"if","locations":[{"start":{"line":181,"column":8},"end":{"line":187,"column":9}},{"start":{"line":184,"column":15},"end":{"line":187,"column":9}}]},"18":{"loc":{"start":{"line":209,"column":4},"end":{"line":212,"column":5}},"type":"if","locations":[{"start":{"line":209,"column":4},"end":{"line":212,"column":5}}]},"19":{"loc":{"start":{"line":217,"column":4},"end":{"line":230,"column":5}},"type":"if","locations":[{"start":{"line":217,"column":4},"end":{"line":230,"column":5}}]},"20":{"loc":{"start":{"line":219,"column":8},"end":{"line":229,"column":9}},"type":"if","locations":[{"start":{"line":219,"column":8},"end":{"line":229,"column":9}}]},"21":{"loc":{"start":{"line":224,"column":12},"end":{"line":228,"column":13}},"type":"if","locations":[{"start":{"line":224,"column":12},"end":{"line":228,"column":13}}]}},"s":{"0":1,"1":1,"2":1,"3":1,"4":1,"5":1,"6":1,"7":1,"8":1,"9":1,"10":12,"11":12,"12":12,"13":15,"14":0,"15":0,"16":0,"17":0,"18":0,"19":0,"20":0,"21":0,"22":0,"23":0,"24":0,"25":0,"26":0,"27":0,"28":0,"29":0,"30":0,"31":0,"32":0,"33":0,"34":0,"35":0,"36":15,"37":27,"38":27,"39":15,"40":15,"41":15,"42":15,"43":15,"44":12,"45":12,"46":12,"47":12,"48":12,"49":12,"50":12,"51":15,"52":3,"53":12,"54":12,"55":21,"56":12,"57":12,"58":9,"59":9,"60":12,"61":3,"62":12,"63":12,"64":12,"65":12,"66":12,"67":12,"68":0,"69":0,"70":12,"71":12,"72":12,"73":0,"74":0,"75":0,"76":0,"77":0,"78":0,"79":0,"80":0,"81":0,"82":0,"83":0,"84":0,"85":0,"86":0,"87":0,"88":0,"89":0,"90":0,"91":0},"f":{"0":12,"1":12,"2":15,"3":0,"4":0,"5":0,"6":15,"7":27,"8":27,"9":15,"10":21,"11":9,"12":9,"13":0,"14":0},"b":{"0":[12,12],"1":[12,9],"2":[0,0],"3":[0],"4":[0,0],"5":[0],"6":[0,0],"7":[0],"8":[27,12],"9":[15,3],"10":[12],"11":[12],"12":[3],"13":[21,12,9],"14":[3],"15":[0,3],"16":[12],"17":[0,12],"18":[0],"19":[0],"20":[0],"21":[0]}}
}
