TN:
SF:src/extension.ts
FN:22,isIgnoredFolder
FN:35,shouldSkip
FN:48,hasPubspecYaml
FN:56,activate
FN:60,(anonymous_10)
FN:106,deactivate
FN:113,getAllowedSubfolders
FN:115,(anonymous_13)
FN:116,(anonymous_14)
FN:126,generateIndexFiles
FN:156,(anonymous_16)
FN:160,(anonymous_17)
FN:161,(anonymous_18)
FN:199,removeIndexFiles
FN:225,(anonymous_20)
FNF:15
FNH:10
FNDA:12,isIgnoredFolder
FNDA:12,shouldSkip
FNDA:15,hasPubspecYaml
FNDA:0,activate
FNDA:0,(anonymous_10)
FNDA:0,deactivate
FNDA:15,getAllowedSubfolders
FNDA:27,(anonymous_13)
FNDA:27,(anonymous_14)
FNDA:15,generateIndexFiles
FNDA:21,(anonymous_16)
FNDA:9,(anonymous_17)
FNDA:9,(anonymous_18)
FNDA:0,removeIndexFiles
FNDA:0,(anonymous_20)
DA:1,1
DA:2,1
DA:3,1
DA:8,1
DA:14,1
DA:23,12
DA:36,12
DA:37,12
DA:49,15
DA:56,1
DA:57,0
DA:60,0
DA:61,0
DA:63,0
DA:64,0
DA:65,0
DA:68,0
DA:69,0
DA:72,0
DA:76,0
DA:78,0
DA:81,0
DA:82,0
DA:83,0
DA:84,0
DA:85,0
DA:88,0
DA:89,0
DA:90,0
DA:91,0
DA:96,0
DA:100,0
DA:106,1
DA:113,1
DA:114,15
DA:115,27
DA:116,27
DA:126,1
DA:127,15
DA:128,15
DA:129,15
DA:130,15
DA:133,15
DA:134,12
DA:135,12
DA:136,12
DA:137,12
DA:138,12
DA:140,12
DA:141,12
DA:147,15
DA:150,3
DA:154,12
DA:155,12
DA:156,21
DA:158,12
DA:159,12
DA:160,9
DA:161,9
DA:165,12
DA:166,3
DA:170,12
DA:171,12
DA:173,12
DA:174,12
DA:179,12
DA:181,12
DA:182,0
DA:183,0
DA:185,12
DA:186,12
DA:190,12
DA:199,1
DA:200,0
DA:203,0
DA:204,0
DA:208,0
DA:209,0
DA:210,0
DA:211,0
DA:216,0
DA:217,0
DA:218,0
DA:219,0
DA:220,0
DA:221,0
DA:222,0
DA:224,0
DA:225,0
DA:226,0
DA:227,0
LF:91
LH:49
BRDA:24,0,0,12
BRDA:24,0,1,12
BRDA:38,1,0,12
BRDA:38,1,1,9
BRDA:61,2,0,0
BRDA:61,2,1,0
BRDA:63,3,0,0
BRDA:69,4,0,0
BRDA:69,4,1,0
BRDA:76,5,0,0
BRDA:82,6,0,0
BRDA:82,6,1,0
BRDA:88,7,0,0
BRDA:116,8,0,27
BRDA:116,8,1,12
BRDA:127,9,0,15
BRDA:127,9,1,3
BRDA:135,10,0,12
BRDA:140,11,0,12
BRDA:147,12,0,3
BRDA:156,13,0,21
BRDA:156,13,1,12
BRDA:156,13,2,9
BRDA:165,14,0,3
BRDA:166,15,0,0
BRDA:166,15,1,3
BRDA:170,16,0,12
BRDA:181,17,0,0
BRDA:181,17,1,12
BRDA:209,18,0,0
BRDA:217,19,0,0
BRDA:219,20,0,0
BRDA:224,21,0,0
BRF:33
BRH:18
end_of_record
