TN:
SF:src/createIndexOperations.ts
FN:12,generateIndexFiles
FN:42,(anonymous_7)
FN:46,(anonymous_8)
FN:47,(anonymous_9)
FNF:4
FNH:4
FNDA:17,generateIndexFiles
FNDA:24,(anonymous_7)
FNDA:11,(anonymous_8)
FNDA:11,(anonymous_9)
DA:1,2
DA:2,2
DA:3,2
DA:12,2
DA:13,17
DA:14,17
DA:15,17
DA:16,17
DA:19,17
DA:20,13
DA:21,13
DA:22,13
DA:23,13
DA:24,13
DA:26,13
DA:27,13
DA:33,17
DA:36,3
DA:40,14
DA:41,14
DA:42,24
DA:44,14
DA:45,14
DA:46,11
DA:47,11
DA:51,14
DA:52,4
DA:56,14
DA:57,14
DA:59,14
DA:60,14
DA:65,14
DA:67,14
DA:68,0
DA:69,0
DA:71,14
DA:72,14
DA:76,14
LF:38
LH:36
BRDA:13,0,0,17
BRDA:13,0,1,3
BRDA:21,1,0,13
BRDA:26,2,0,13
BRDA:33,3,0,3
BRDA:42,4,0,24
BRDA:42,4,1,14
BRDA:42,4,2,11
BRDA:51,5,0,4
BRDA:52,6,0,1
BRDA:52,6,1,3
BRDA:56,7,0,14
BRDA:67,8,0,0
BRDA:67,8,1,14
BRF:14
BRH:13
end_of_record
TN:
SF:src/removeIndexOperations.ts
FN:11,removeIndexFiles
FN:42,(anonymous_7)
FNF:2
FNH:2
FNDA:2,removeIndexFiles
FNDA:1,(anonymous_7)
DA:1,1
DA:2,1
DA:3,1
DA:11,1
DA:12,2
DA:13,2
DA:16,2
DA:17,1
DA:18,1
DA:19,1
DA:24,2
DA:25,2
DA:26,2
DA:27,2
DA:28,2
DA:33,2
DA:34,2
DA:35,2
DA:36,2
DA:37,1
DA:38,1
DA:39,1
DA:41,1
DA:42,1
DA:43,1
DA:44,1
DA:45,1
DA:50,2
LF:28
LH:28
BRDA:18,0,0,1
BRDA:25,1,0,2
BRDA:34,2,0,2
BRDA:36,3,0,1
BRDA:41,4,0,1
BRF:5
BRH:5
end_of_record
TN:
SF:src/utils.ts
FN:21,isIgnoredFolder
FN:34,shouldSkip
FN:47,hasPubspecYaml
FN:56,getAllowedSubfolders
FN:58,(anonymous_10)
FN:59,(anonymous_11)
FNF:6
FNH:6
FNDA:14,isIgnoredFolder
FNDA:14,shouldSkip
FNDA:17,hasPubspecYaml
FNDA:19,getAllowedSubfolders
FNDA:33,(anonymous_10)
FNDA:33,(anonymous_11)
DA:1,2
DA:2,2
DA:7,2
DA:13,2
DA:21,2
DA:22,14
DA:34,2
DA:35,14
DA:36,14
DA:47,2
DA:48,17
DA:56,2
DA:57,19
DA:58,33
DA:59,33
LF:15
LH:15
BRDA:23,0,0,14
BRDA:23,0,1,14
BRDA:37,1,0,14
BRDA:37,1,1,11
BRDA:59,2,0,33
BRDA:59,2,1,14
BRF:6
BRH:6
end_of_record
